2026-06-05 03:31:37,042 - __main__ - INFO - Database initialized
2026-06-05 03:31:37,269 - __main__ - INFO - Bot starting - Admins: ['cuddleneedd', 'maxxahere1']
2026-06-05 03:31:37,269 - __main__ - INFO - Payout Channel: @your_payout_channel
2026-06-05 03:31:37,853 - httpx - INFO - HTTP Request: POST https://api.telegram.org/bot8876770602:AAELuZ9iG6qzG6V3nT57wd47C6N42PjPk3g/getMe "HTTP/1.1 200 OK"
2026-06-05 03:31:38,010 - httpx - INFO - HTTP Request: POST https://api.telegram.org/bot8876770602:AAELuZ9iG6qzG6V3nT57wd47C6N42PjPk3g/deleteWebhook "HTTP/1.1 200 OK"
2026-06-05 03:31:38,013 - telegram.ext.Application - INFO - Application started
2026-06-05 03:31:49,060 - httpx - INFO - HTTP Request: POST https://api.telegram.org/bot8876770602:AAELuZ9iG6qzG6V3nT57wd47C6N42PjPk3g/getUpdates "HTTP/1.1 200 OK"
2026-06-05 03:31:59,221 - httpx - INFO - HTTP Request: POST https://api.telegram.org/bot8876770602:AAELuZ9iG6qzG6V3nT57wd47C6N42PjPk3g/getUpdates "HTTP/1.1 200 OK"
2026-06-05 03:32:09,434 - httpx - INFO - HTTP Request: POST https://api.telegram.org/bot8876770602:AAELuZ9iG6qzG6V3nT57wd47C6N42PjPk3g/getUpdates "HTTP/1.1 200 OK"
2026-06-05 03:32:11,225 - httpx - INFO - HTTP Request: POST https://api.telegram.org/bot8876770602:AAELuZ9iG6qzG6V3nT57wd47C6N42PjPk3g/getUpdates "HTTP/1.1 200 OK"
2026-06-05 03:32:11,779 - httpx - INFO - HTTP Request: POST https://api.telegram.org/bot8876770602:AAELuZ9iG6qzG6V3nT57wd47C6N42PjPk3g/getChatMember "HTTP/1.1 400 Bad Request"
2026-06-05 03:32:12,136 - httpx - INFO - HTTP Request: POST https://api.telegram.org/bot8876770602:AAELuZ9iG6qzG6V3nT57wd47C6N42PjPk3g/getChatMember "HTTP/1.1 200 OK"
2026-06-05 03:32:13,175 - httpx - INFO - HTTP Request: POST https://api.telegram.org/bot8876770602:AAELuZ9iG6qzG6V3nT57wd47C6N42PjPk3g/sendMessage "HTTP/1.1 200 OK"
2026-06-05 03:32:13,548 - httpx - INFO - HTTP Request: POST https://api.telegram.org/bot8876770602:AAELuZ9iG6qzG6V3nT57wd47C6N42PjPk3g/editMessageText "HTTP/1.1 200 OK"
2026-06-05 03:32:14,849 - httpx - INFO - HTTP Request: POST https://api.telegram.org/bot8876770602:AAELuZ9iG6qzG6V3nT57wd47C6N42PjPk3g/editMessageText "HTTP/1.1 200 OK"
2026-06-05 03:32:15,512 - httpx - INFO - HTTP Request: POST https://api.telegram.org/bot8876770602:AAELuZ9iG6qzG6V3nT57wd47C6N42PjPk3g/editMessageText "HTTP/1.1 200 OK"
2026-06-05 03:32:16,180 - httpx - INFO - HTTP Request: POST https://api.telegram.org/bot8876770602:AAELuZ9iG6qzG6V3nT57wd47C6N42PjPk3g/editMessageText "HTTP/1.1 200 OK"
2026-06-05 03:32:18,538 - httpx - INFO - HTTP Request: POST https://api.telegram.org/bot8876770602:AAELuZ9iG6qzG6V3nT57wd47C6N42PjPk3g/editMessageText "HTTP/1.1 200 OK"
2026-06-05 03:32:19,214 - httpx - INFO - HTTP Request: POST https://api.telegram.org/bot8876770602:AAELuZ9iG6qzG6V3nT57wd47C6N42PjPk3g/editMessageText "HTTP/1.1 200 OK"
2026-06-05 03:32:19,887 - httpx - INFO - HTTP Request: POST https://api.telegram.org/bot8876770602:AAELuZ9iG6qzG6V3nT57wd47C6N42PjPk3g/editMessageText "HTTP/1.1 200 OK"
2026-06-05 03:32:20,545 - httpx - INFO - HTTP Request: POST https://api.telegram.org/bot8876770602:AAELuZ9iG6qzG6V3nT57wd47C6N42PjPk3g/editMessageText "HTTP/1.1 200 OK"
2026-06-05 03:32:21,203 - httpx - INFO - HTTP Request: POST https://api.telegram.org/bot8876770602:AAELuZ9iG6qzG6V3nT57wd47C6N42PjPk3g/editMessageText "HTTP/1.1 200 OK"
2026-06-05 03:32:21,542 - httpx - INFO - HTTP Request: POST https://api.telegram.org/bot8876770602:AAELuZ9iG6qzG6V3nT57wd47C6N42PjPk3g/getUpdates "HTTP/1.1 200 OK"
2026-06-05 03:32:21,859 - httpx - INFO - HTTP Request: POST https://api.telegram.org/bot8876770602:AAELuZ9iG6qzG6V3nT57wd47C6N42PjPk3g/editMessageText "HTTP/1.1 200 OK"
2026-06-05 03:32:22,520 - httpx - INFO - HTTP Request: POST https://api.telegram.org/bot8876770602:AAELuZ9iG6qzG6V3nT57wd47C6N42PjPk3g/editMessageText "HTTP/1.1 200 OK"
2026-06-05 03:32:23,183 - httpx - INFO - HTTP Request: POST https://api.telegram.org/bot8876770602:AAELuZ9iG6qzG6V3nT57wd47C6N42PjPk3g/editMessageText "HTTP/1.1 200 OK"
2026-06-05 03:32:24,570 - httpx - INFO - HTTP Request: POST https://api.telegram.org/bot8876770602:AAELuZ9iG6qzG6V3nT57wd47C6N42PjPk3g/editMessageText "HTTP/1.1 200 OK"
2026-06-05 03:32:30,893 - httpx - INFO - HTTP Request: POST https://api.telegram.org/bot8876770602:AAELuZ9iG6qzG6V3nT57wd47C6N42PjPk3g/getUpdates "HTTP/1.1 200 OK"
2026-06-05 03:32:31,574 - httpx - INFO - HTTP Request: POST https://api.telegram.org/bot8876770602:AAELuZ9iG6qzG6V3nT57wd47C6N42PjPk3g/answerCallbackQuery "HTTP/1.1 200 OK"
2026-06-05 03:32:31,781 - httpx - INFO - HTTP Request: POST https://api.telegram.org/bot8876770602:AAELuZ9iG6qzG6V3nT57wd47C6N42PjPk3g/getChatMember "HTTP/1.1 400 Bad Request"
2026-06-05 03:32:32,108 - httpx - INFO - HTTP Request: POST https://api.telegram.org/bot8876770602:AAELuZ9iG6qzG6V3nT57wd47C6N42PjPk3g/getChatMember "HTTP/1.1 200 OK"
2026-06-05 03:32:32,472 - httpx - INFO - HTTP Request: POST https://api.telegram.org/bot8876770602:AAELuZ9iG6qzG6V3nT57wd47C6N42PjPk3g/editMessageText "HTTP/1.1 200 OK"
2026-06-05 03:32:41,073 - httpx - INFO - HTTP Request: POST https://api.telegram.org/bot8876770602:AAELuZ9iG6qzG6V3nT57wd47C6N42PjPk3g/getUpdates "HTTP/1.1 200 OK"
2026-06-05 03:32:51,302 - httpx - INFO - HTTP Request: POST https://api.telegram.org/bot8876770602:AAELuZ9iG6qzG6V3nT57wd47C6N42PjPk3g/getUpdates "HTTP/1.1 200 OK"
2026-06-05 03:33:01,541 - httpx - INFO - HTTP Request: POST https://api.telegram.org/bot8876770602:AAELuZ9iG6qzG6V3nT57wd47C6N42PjPk3g/getUpdates "HTTP/1.1 200 OK"
2026-06-05 03:33:11,696 - httpx - INFO - HTTP Request: POST https://api.telegram.org/bot8876770602:AAELuZ9iG6qzG6V3nT57wd47C6N42PjPk3g/getUpdates "HTTP/1.1 200 OK"
2026-06-05 03:33:21,849 - httpx - INFO - HTTP Request: POST https://api.telegram.org/bot8876770602:AAELuZ9iG6qzG6V3nT57wd47C6N42PjPk3g/getUpdates "HTTP/1.1 200 OK"
2026-06-05 03:33:32,372 - httpx - INFO - HTTP Request: POST https://api.telegram.org/bot8876770602:AAELuZ9iG6qzG6V3nT57wd47C6N42PjPk3g/getUpdates "HTTP/1.1 200 OK"
2026-06-05 03:33:42,524 - httpx - INFO - HTTP Request: POST https://api.telegram.org/bot8876770602:AAELuZ9iG6qzG6V3nT57wd47C6N42PjPk3g/getUpdates "HTTP/1.1 200 OK"
2026-06-05 03:33:52,675 - httpx - INFO - HTTP Request: POST https://api.telegram.org/bot8876770602:AAELuZ9iG6qzG6V3nT57wd47C6N42PjPk3g/getUpdates "HTTP/1.1 200 OK"
2026-06-05 03:34:02,841 - httpx - INFO - HTTP Request: POST https://api.telegram.org/bot8876770602:AAELuZ9iG6qzG6V3nT57wd47C6N42PjPk3g/getUpdates "HTTP/1.1 200 OK"
2026-06-05 03:34:12,986 - httpx - INFO - HTTP Request: POST https://api.telegram.org/bot8876770602:AAELuZ9iG6qzG6V3nT57wd47C6N42PjPk3g/getUpdates "HTTP/1.1 200 OK"
2026-06-05 03:34:23,138 - httpx - INFO - HTTP Request: POST https://api.telegram.org/bot8876770602:AAELuZ9iG6qzG6V3nT57wd47C6N42PjPk3g/getUpdates "HTTP/1.1 200 OK"
2026-06-05 03:34:33,286 - httpx - INFO - HTTP Request: POST https://api.telegram.org/bot8876770602:AAELuZ9iG6qzG6V3nT57wd47C6N42PjPk3g/getUpdates "HTTP/1.1 200 OK"
2026-06-05 03:34:43,435 - httpx - INFO - HTTP Request: POST https://api.telegram.org/bot8876770602:AAELuZ9iG6qzG6V3nT57wd47C6N42PjPk3g/getUpdates "HTTP/1.1 200 OK"
2026-06-05 03:34:53,703 - httpx - INFO - HTTP Request: POST https://api.telegram.org/bot8876770602:AAELuZ9iG6qzG6V3nT57wd47C6N42PjPk3g/getUpdates "HTTP/1.1 200 OK"
2026-06-05 03:35:03,942 - httpx - INFO - HTTP Request: POST https://api.telegram.org/bot8876770602:AAELuZ9iG6qzG6V3nT57wd47C6N42PjPk3g/getUpdates "HTTP/1.1 200 OK"
2026-06-05 03:45:52,861 - __main__ - INFO - Database initialized
2026-06-05 03:45:53,079 - __main__ - INFO - Bot starting - Admins: ['cuddleneedd', 'maxxahere1']
2026-06-05 03:45:53,079 - __main__ - INFO - Payout Channel: @your_payout_channel
2026-06-05 03:45:53,846 - httpx - INFO - HTTP Request: POST https://api.telegram.org/bot8876770602:AAELuZ9iG6qzG6V3nT57wd47C6N42PjPk3g/getMe "HTTP/1.1 200 OK"
2026-06-05 03:45:53,988 - httpx - INFO - HTTP Request: POST https://api.telegram.org/bot8876770602:AAELuZ9iG6qzG6V3nT57wd47C6N42PjPk3g/deleteWebhook "HTTP/1.1 200 OK"
2026-06-05 03:45:53,997 - telegram.ext.Application - INFO - Application started
2026-06-05 03:46:04,467 - httpx - INFO - HTTP Request: POST https://api.telegram.org/bot8876770602:AAELuZ9iG6qzG6V3nT57wd47C6N42PjPk3g/getUpdates "HTTP/1.1 200 OK"
2026-06-05 03:46:07,087 - httpx - INFO - HTTP Request: POST https://api.telegram.org/bot8876770602:AAELuZ9iG6qzG6V3nT57wd47C6N42PjPk3g/getUpdates "HTTP/1.1 200 OK"
2026-06-05 03:46:07,620 - httpx - INFO - HTTP Request: POST https://api.telegram.org/bot8876770602:AAELuZ9iG6qzG6V3nT57wd47C6N42PjPk3g/getChatMember "HTTP/1.1 400 Bad Request"
2026-06-05 03:46:07,787 - httpx - INFO - HTTP Request: POST https://api.telegram.org/bot8876770602:AAELuZ9iG6qzG6V3nT57wd47C6N42PjPk3g/getChatMember "HTTP/1.1 200 OK"
2026-06-05 03:46:08,160 - httpx - INFO - HTTP Request: POST https://api.telegram.org/bot8876770602:AAELuZ9iG6qzG6V3nT57wd47C6N42PjPk3g/sendMessage "HTTP/1.1 200 OK"
2026-06-05 03:46:08,521 - httpx - INFO - HTTP Request: POST https://api.telegram.org/bot8876770602:AAELuZ9iG6qzG6V3nT57wd47C6N42PjPk3g/editMessageText "HTTP/1.1 200 OK"
2026-06-05 03:46:09,175 - httpx - INFO - HTTP Request: POST https://api.telegram.org/bot8876770602:AAELuZ9iG6qzG6V3nT57wd47C6N42PjPk3g/editMessageText "HTTP/1.1 200 OK"
2026-06-05 03:46:09,836 - httpx - INFO - HTTP Request: POST https://api.telegram.org/bot8876770602:AAELuZ9iG6qzG6V3nT57wd47C6N42PjPk3g/editMessageText "HTTP/1.1 200 OK"
2026-06-05 03:46:10,506 - httpx - INFO - HTTP Request: POST https://api.telegram.org/bot8876770602:AAELuZ9iG6qzG6V3nT57wd47C6N42PjPk3g/editMessageText "HTTP/1.1 200 OK"
2026-06-05 03:46:11,179 - httpx - INFO - HTTP Request: POST https://api.telegram.org/bot8876770602:AAELuZ9iG6qzG6V3nT57wd47C6N42PjPk3g/editMessageText "HTTP/1.1 200 OK"
2026-06-05 03:46:11,849 - httpx - INFO - HTTP Request: POST https://api.telegram.org/bot8876770602:AAELuZ9iG6qzG6V3nT57wd47C6N42PjPk3g/editMessageText "HTTP/1.1 200 OK"
2026-06-05 03:46:12,526 - httpx - INFO - HTTP Request: POST https://api.telegram.org/bot8876770602:AAELuZ9iG6qzG6V3nT57wd47C6N42PjPk3g/editMessageText "HTTP/1.1 200 OK"
2026-06-05 03:46:13,200 - httpx - INFO - HTTP Request: POST https://api.telegram.org/bot8876770602:AAELuZ9iG6qzG6V3nT57wd47C6N42PjPk3g/editMessageText "HTTP/1.1 200 OK"
2026-06-05 03:46:13,857 - httpx - INFO - HTTP Request: POST https://api.telegram.org/bot8876770602:AAELuZ9iG6qzG6V3nT57wd47C6N42PjPk3g/editMessageText "HTTP/1.1 200 OK"
2026-06-05 03:46:14,528 - httpx - INFO - HTTP Request: POST https://api.telegram.org/bot8876770602:AAELuZ9iG6qzG6V3nT57wd47C6N42PjPk3g/editMessageText "HTTP/1.1 200 OK"
2026-06-05 03:46:15,189 - httpx - INFO - HTTP Request: POST https://api.telegram.org/bot8876770602:AAELuZ9iG6qzG6V3nT57wd47C6N42PjPk3g/editMessageText "HTTP/1.1 200 OK"
2026-06-05 03:46:15,870 - httpx - INFO - HTTP Request: POST https://api.telegram.org/bot8876770602:AAELuZ9iG6qzG6V3nT57wd47C6N42PjPk3g/editMessageText "HTTP/1.1 200 OK"
2026-06-05 03:46:16,526 - httpx - INFO - HTTP Request: POST https://api.telegram.org/bot8876770602:AAELuZ9iG6qzG6V3nT57wd47C6N42PjPk3g/editMessageText "HTTP/1.1 200 OK"
2026-06-05 03:46:17,383 - httpx - INFO - HTTP Request: POST https://api.telegram.org/bot8876770602:AAELuZ9iG6qzG6V3nT57wd47C6N42PjPk3g/getUpdates "HTTP/1.1 200 OK"
2026-06-05 03:46:17,899 - httpx - INFO - HTTP Request: POST https://api.telegram.org/bot8876770602:AAELuZ9iG6qzG6V3nT57wd47C6N42PjPk3g/editMessageText "HTTP/1.1 200 OK"
2026-06-05 03:46:26,024 - httpx - INFO - HTTP Request: POST https://api.telegram.org/bot8876770602:AAELuZ9iG6qzG6V3nT57wd47C6N42PjPk3g/getUpdates "HTTP/1.1 200 OK"
2026-06-05 03:46:26,837 - httpx - INFO - HTTP Request: POST https://api.telegram.org/bot8876770602:AAELuZ9iG6qzG6V3nT57wd47C6N42PjPk3g/answerCallbackQuery "HTTP/1.1 200 OK"
2026-06-05 03:46:27,025 - httpx - INFO - HTTP Request: POST https://api.telegram.org/bot8876770602:AAELuZ9iG6qzG6V3nT57wd47C6N42PjPk3g/getChatMember "HTTP/1.1 400 Bad Request"
2026-06-05 03:46:27,301 - httpx - INFO - HTTP Request: POST https://api.telegram.org/bot8876770602:AAELuZ9iG6qzG6V3nT57wd47C6N42PjPk3g/getChatMember "HTTP/1.1 200 OK"
2026-06-05 03:46:27,656 - httpx - INFO - HTTP Request: POST https://api.telegram.org/bot8876770602:AAELuZ9iG6qzG6V3nT57wd47C6N42PjPk3g/editMessageText "HTTP/1.1 200 OK"
2026-06-05 03:46:36,199 - httpx - INFO - HTTP Request: POST https://api.telegram.org/bot8876770602:AAELuZ9iG6qzG6V3nT57wd47C6N42PjPk3g/getUpdates "HTTP/1.1 200 OK"
2026-06-05 03:46:46,031 - httpx - INFO - HTTP Request: POST https://api.telegram.org/bot8876770602:AAELuZ9iG6qzG6V3nT57wd47C6N42PjPk3g/getUpdates "HTTP/1.1 200 OK"
2026-06-05 03:46:46,821 - httpx - INFO - HTTP Request: POST https://api.telegram.org/bot8876770602:AAELuZ9iG6qzG6V3nT57wd47C6N42PjPk3g/answerCallbackQuery "HTTP/1.1 200 OK"
2026-06-05 03:46:47,143 - httpx - INFO - HTTP Request: POST https://api.telegram.org/bot8876770602:AAELuZ9iG6qzG6V3nT57wd47C6N42PjPk3g/getChatMember "HTTP/1.1 400 Bad Request"
2026-06-05 03:46:47,316 - httpx - INFO - HTTP Request: POST https://api.telegram.org/bot8876770602:AAELuZ9iG6qzG6V3nT57wd47C6N42PjPk3g/getChatMember "HTTP/1.1 200 OK"
2026-06-05 03:46:47,657 - httpx - INFO - HTTP Request: POST https://api.telegram.org/bot8876770602:AAELuZ9iG6qzG6V3nT57wd47C6N42PjPk3g/editMessageText "HTTP/1.1 200 OK"
2026-06-05 03:46:51,942 - httpx - INFO - HTTP Request: POST https://api.telegram.org/bot8876770602:AAELuZ9iG6qzG6V3nT57wd47C6N42PjPk3g/getUpdates "HTTP/1.1 200 OK"
2026-06-05 03:46:52,275 - httpx - INFO - HTTP Request: POST https://api.telegram.org/bot8876770602:AAELuZ9iG6qzG6V3nT57wd47C6N42PjPk3g/answerCallbackQuery "HTTP/1.1 200 OK"
2026-06-05 03:46:52,461 - httpx - INFO - HTTP Request: POST https://api.telegram.org/bot8876770602:AAELuZ9iG6qzG6V3nT57wd47C6N42PjPk3g/getChatMember "HTTP/1.1 400 Bad Request"
2026-06-05 03:46:52,744 - httpx - INFO - HTTP Request: POST https://api.telegram.org/bot8876770602:AAELuZ9iG6qzG6V3nT57wd47C6N42PjPk3g/getChatMember "HTTP/1.1 200 OK"
2026-06-05 03:46:53,109 - httpx - INFO - HTTP Request: POST https://api.telegram.org/bot8876770602:AAELuZ9iG6qzG6V3nT57wd47C6N42PjPk3g/editMessageText "HTTP/1.1 200 OK"
2026-06-05 03:46:54,987 - httpx - INFO - HTTP Request: POST https://api.telegram.org/bot8876770602:AAELuZ9iG6qzG6V3nT57wd47C6N42PjPk3g/getUpdates "HTTP/1.1 200 OK"
2026-06-05 03:46:55,344 - httpx - INFO - HTTP Request: POST https://api.telegram.org/bot8876770602:AAELuZ9iG6qzG6V3nT57wd47C6N42PjPk3g/answerCallbackQuery "HTTP/1.1 200 OK"
2026-06-05 03:46:55,629 - httpx - INFO - HTTP Request: POST https://api.telegram.org/bot8876770602:AAELuZ9iG6qzG6V3nT57wd47C6N42PjPk3g/getChatMember "HTTP/1.1 400 Bad Request"
2026-06-05 03:46:55,797 - httpx - INFO - HTTP Request: POST https://api.telegram.org/bot8876770602:AAELuZ9iG6qzG6V3nT57wd47C6N42PjPk3g/getChatMember "HTTP/1.1 200 OK"
2026-06-05 03:46:56,155 - httpx - INFO - HTTP Request: POST https://api.telegram.org/bot8876770602:AAELuZ9iG6qzG6V3nT57wd47C6N42PjPk3g/editMessageText "HTTP/1.1 200 OK"
2026-06-05 03:47:00,907 - httpx - INFO - HTTP Request: POST https://api.telegram.org/bot8876770602:AAELuZ9iG6qzG6V3nT57wd47C6N42PjPk3g/getUpdates "HTTP/1.1 200 OK"
2026-06-05 03:47:01,247 - httpx - INFO - HTTP Request: POST https://api.telegram.org/bot8876770602:AAELuZ9iG6qzG6V3nT57wd47C6N42PjPk3g/answerCallbackQuery "HTTP/1.1 200 OK"
2026-06-05 03:47:01,544 - httpx - INFO - HTTP Request: POST https://api.telegram.org/bot8876770602:AAELuZ9iG6qzG6V3nT57wd47C6N42PjPk3g/getChatMember "HTTP/1.1 400 Bad Request"
2026-06-05 03:47:01,717 - httpx - INFO - HTTP Request: POST https://api.telegram.org/bot8876770602:AAELuZ9iG6qzG6V3nT57wd47C6N42PjPk3g/getChatMember "HTTP/1.1 200 OK"
2026-06-05 03:47:02,078 - httpx - INFO - HTTP Request: POST https://api.telegram.org/bot8876770602:AAELuZ9iG6qzG6V3nT57wd47C6N42PjPk3g/editMessageText "HTTP/1.1 200 OK"
2026-06-05 03:47:07,466 - httpx - INFO - HTTP Request: POST https://api.telegram.org/bot8876770602:AAELuZ9iG6qzG6V3nT57wd47C6N42PjPk3g/getUpdates "HTTP/1.1 200 OK"
2026-06-05 03:47:08,284 - httpx - INFO - HTTP Request: POST https://api.telegram.org/bot8876770602:AAELuZ9iG6qzG6V3nT57wd47C6N42PjPk3g/answerCallbackQuery "HTTP/1.1 200 OK"
2026-06-05 03:47:08,584 - httpx - INFO - HTTP Request: POST https://api.telegram.org/bot8876770602:AAELuZ9iG6qzG6V3nT57wd47C6N42PjPk3g/getChatMember "HTTP/1.1 400 Bad Request"
2026-06-05 03:47:08,903 - httpx - INFO - HTTP Request: POST https://api.telegram.org/bot8876770602:AAELuZ9iG6qzG6V3nT57wd47C6N42PjPk3g/getChatMember "HTTP/1.1 200 OK"
2026-06-05 03:47:09,261 - httpx - INFO - HTTP Request: POST https://api.telegram.org/bot8876770602:AAELuZ9iG6qzG6V3nT57wd47C6N42PjPk3g/editMessageText "HTTP/1.1 200 OK"
2026-06-05 03:47:13,109 - httpx - INFO - HTTP Request: POST https://api.telegram.org/bot8876770602:AAELuZ9iG6qzG6V3nT57wd47C6N42PjPk3g/getUpdates "HTTP/1.1 200 OK"
2026-06-05 03:47:16,102 - httpx - INFO - HTTP Request: POST https://api.telegram.org/bot8876770602:AAELuZ9iG6qzG6V3nT57wd47C6N42PjPk3g/getUpdates "HTTP/1.1 200 OK"
2026-06-05 03:47:16,917 - httpx - INFO - HTTP Request: POST https://api.telegram.org/bot8876770602:AAELuZ9iG6qzG6V3nT57wd47C6N42PjPk3g/answerCallbackQuery "HTTP/1.1 200 OK"
2026-06-05 03:47:17,103 - httpx - INFO - HTTP Request: POST https://api.telegram.org/bot8876770602:AAELuZ9iG6qzG6V3nT57wd47C6N42PjPk3g/getChatMember "HTTP/1.1 400 Bad Request"
2026-06-05 03:47:17,282 - httpx - INFO - HTTP Request: POST https://api.telegram.org/bot8876770602:AAELuZ9iG6qzG6V3nT57wd47C6N42PjPk3g/getChatMember "HTTP/1.1 200 OK"
2026-06-05 03:47:17,663 - httpx - INFO - HTTP Request: POST https://api.telegram.org/bot8876770602:AAELuZ9iG6qzG6V3nT57wd47C6N42PjPk3g/editMessageText "HTTP/1.1 200 OK"
2026-06-05 03:47:23,086 - httpx - INFO - HTTP Request: POST https://api.telegram.org/bot8876770602:AAELuZ9iG6qzG6V3nT57wd47C6N42PjPk3g/getUpdates "HTTP/1.1 200 OK"
2026-06-05 03:47:23,737 - httpx - INFO - HTTP Request: POST https://api.telegram.org/bot8876770602:AAELuZ9iG6qzG6V3nT57wd47C6N42PjPk3g/answerCallbackQuery "HTTP/1.1 200 OK"
2026-06-05 03:47:23,919 - httpx - INFO - HTTP Request: POST https://api.telegram.org/bot8876770602:AAELuZ9iG6qzG6V3nT57wd47C6N42PjPk3g/getChatMember "HTTP/1.1 400 Bad Request"
2026-06-05 03:47:24,103 - httpx - INFO - HTTP Request: POST https://api.telegram.org/bot8876770602:AAELuZ9iG6qzG6V3nT57wd47C6N42PjPk3g/getChatMember "HTTP/1.1 200 OK"
2026-06-05 03:47:24,471 - httpx - INFO - HTTP Request: POST https://api.telegram.org/bot8876770602:AAELuZ9iG6qzG6V3nT57wd47C6N42PjPk3g/editMessageText "HTTP/1.1 200 OK"
2026-06-05 03:47:27,306 - httpx - INFO - HTTP Request: POST https://api.telegram.org/bot8876770602:AAELuZ9iG6qzG6V3nT57wd47C6N42PjPk3g/getUpdates "HTTP/1.1 200 OK"
2026-06-05 03:47:27,664 - httpx - INFO - HTTP Request: POST https://api.telegram.org/bot8876770602:AAELuZ9iG6qzG6V3nT57wd47C6N42PjPk3g/answerCallbackQuery "HTTP/1.1 200 OK"
2026-06-05 03:47:27,944 - httpx - INFO - HTTP Request: POST https://api.telegram.org/bot8876770602:AAELuZ9iG6qzG6V3nT57wd47C6N42PjPk3g/getChatMember "HTTP/1.1 400 Bad Request"
2026-06-05 03:47:28,117 - httpx - INFO - HTTP Request: POST https://api.telegram.org/bot8876770602:AAELuZ9iG6qzG6V3nT57wd47C6N42PjPk3g/getChatMember "HTTP/1.1 200 OK"
2026-06-05 03:47:28,494 - httpx - INFO - HTTP Request: POST https://api.telegram.org/bot8876770602:AAELuZ9iG6qzG6V3nT57wd47C6N42PjPk3g/editMessageText "HTTP/1.1 200 OK"
2026-06-05 03:47:37,475 - httpx - INFO - HTTP Request: POST https://api.telegram.org/bot8876770602:AAELuZ9iG6qzG6V3nT57wd47C6N42PjPk3g/getUpdates "HTTP/1.1 200 OK"
2026-06-05 03:47:38,683 - httpx - INFO - HTTP Request: POST https://api.telegram.org/bot8876770602:AAELuZ9iG6qzG6V3nT57wd47C6N42PjPk3g/getUpdates "HTTP/1.1 200 OK"
2026-06-05 03:47:39,440 - httpx - INFO - HTTP Request: POST https://api.telegram.org/bot8876770602:AAELuZ9iG6qzG6V3nT57wd47C6N42PjPk3g/answerCallbackQuery "HTTP/1.1 200 OK"
2026-06-05 03:47:39,607 - httpx - INFO - HTTP Request: POST https://api.telegram.org/bot8876770602:AAELuZ9iG6qzG6V3nT57wd47C6N42PjPk3g/getChatMember "HTTP/1.1 400 Bad Request"
2026-06-05 03:47:39,773 - httpx - INFO - HTTP Request: POST https://api.telegram.org/bot8876770602:AAELuZ9iG6qzG6V3nT57wd47C6N42PjPk3g/getChatMember "HTTP/1.1 200 OK"
2026-06-05 03:47:40,269 - httpx - INFO - HTTP Request: POST https://api.telegram.org/bot8876770602:AAELuZ9iG6qzG6V3nT57wd47C6N42PjPk3g/editMessageText "HTTP/1.1 200 OK"
